c:\users\steven\desktop\tec\semestres\semestre 7\electiva graficos\proyectos\progra2-jsa\ii-progra-graficos\progra2-jsateam\progra2-jsateam\debug\vc141.pdb
c:\users\steven\desktop\tec\semestres\semestre 7\electiva graficos\proyectos\progra2-jsa\ii-progra-graficos\progra2-jsateam\progra2-jsateam\debug\vc141.idb
c:\users\steven\desktop\tec\semestres\semestre 7\electiva graficos\proyectos\progra2-jsa\ii-progra-graficos\progra2-jsateam\progra2-jsateam\debug\polygon.obj
c:\users\steven\desktop\tec\semestres\semestre 7\electiva graficos\proyectos\progra2-jsa\ii-progra-graficos\progra2-jsateam\progra2-jsateam\debug\progra2-jsateam.pch
c:\users\steven\desktop\tec\semestres\semestre 7\electiva graficos\proyectos\progra2-jsa\ii-progra-graficos\progra2-jsateam\progra2-jsateam\debug\stdafx.obj
c:\users\steven\desktop\tec\semestres\semestre 7\electiva graficos\proyectos\progra2-jsa\ii-progra-graficos\progra2-jsateam\progra2-jsateam\debug\scanfill.obj
c:\users\steven\desktop\tec\semestres\semestre 7\electiva graficos\proyectos\progra2-jsa\ii-progra-graficos\progra2-jsateam\progra2-jsateam\debug\progra2-jsateam.obj
c:\users\steven\desktop\tec\semestres\semestre 7\electiva graficos\proyectos\progra2-jsa\ii-progra-graficos\progra2-jsateam\debug\progra2-jsateam.ilk
c:\users\steven\desktop\tec\semestres\semestre 7\electiva graficos\proyectos\progra2-jsa\ii-progra-graficos\progra2-jsateam\debug\progra2-jsateam.exe
c:\users\steven\desktop\tec\semestres\semestre 7\electiva graficos\proyectos\progra2-jsa\ii-progra-graficos\progra2-jsateam\debug\progra2-jsateam.pdb
c:\users\steven\desktop\tec\semestres\semestre 7\electiva graficos\proyectos\progra2-jsa\ii-progra-graficos\progra2-jsateam\progra2-jsateam\debug\progra2-jsateam.tlog\cl.command.1.tlog
c:\users\steven\desktop\tec\semestres\semestre 7\electiva graficos\proyectos\progra2-jsa\ii-progra-graficos\progra2-jsateam\progra2-jsateam\debug\progra2-jsateam.tlog\cl.read.1.tlog
c:\users\steven\desktop\tec\semestres\semestre 7\electiva graficos\proyectos\progra2-jsa\ii-progra-graficos\progra2-jsateam\progra2-jsateam\debug\progra2-jsateam.tlog\cl.write.1.tlog
c:\users\steven\desktop\tec\semestres\semestre 7\electiva graficos\proyectos\progra2-jsa\ii-progra-graficos\progra2-jsateam\progra2-jsateam\debug\progra2-jsateam.tlog\link-cvtres.read.1.tlog
c:\users\steven\desktop\tec\semestres\semestre 7\electiva graficos\proyectos\progra2-jsa\ii-progra-graficos\progra2-jsateam\progra2-jsateam\debug\progra2-jsateam.tlog\link-cvtres.write.1.tlog
c:\users\steven\desktop\tec\semestres\semestre 7\electiva graficos\proyectos\progra2-jsa\ii-progra-graficos\progra2-jsateam\progra2-jsateam\debug\progra2-jsateam.tlog\link-rc.read.1.tlog
c:\users\steven\desktop\tec\semestres\semestre 7\electiva graficos\proyectos\progra2-jsa\ii-progra-graficos\progra2-jsateam\progra2-jsateam\debug\progra2-jsateam.tlog\link-rc.write.1.tlog
c:\users\steven\desktop\tec\semestres\semestre 7\electiva graficos\proyectos\progra2-jsa\ii-progra-graficos\progra2-jsateam\progra2-jsateam\debug\progra2-jsateam.tlog\link.2224-cvtres.read.1.tlog
c:\users\steven\desktop\tec\semestres\semestre 7\electiva graficos\proyectos\progra2-jsa\ii-progra-graficos\progra2-jsateam\progra2-jsateam\debug\progra2-jsateam.tlog\link.2224-cvtres.write.1.tlog
c:\users\steven\desktop\tec\semestres\semestre 7\electiva graficos\proyectos\progra2-jsa\ii-progra-graficos\progra2-jsateam\progra2-jsateam\debug\progra2-jsateam.tlog\link.2224-rc.read.1.tlog
c:\users\steven\desktop\tec\semestres\semestre 7\electiva graficos\proyectos\progra2-jsa\ii-progra-graficos\progra2-jsateam\progra2-jsateam\debug\progra2-jsateam.tlog\link.2224-rc.write.1.tlog
c:\users\steven\desktop\tec\semestres\semestre 7\electiva graficos\proyectos\progra2-jsa\ii-progra-graficos\progra2-jsateam\progra2-jsateam\debug\progra2-jsateam.tlog\link.2224.read.1.tlog
c:\users\steven\desktop\tec\semestres\semestre 7\electiva graficos\proyectos\progra2-jsa\ii-progra-graficos\progra2-jsateam\progra2-jsateam\debug\progra2-jsateam.tlog\link.2224.write.1.tlog
c:\users\steven\desktop\tec\semestres\semestre 7\electiva graficos\proyectos\progra2-jsa\ii-progra-graficos\progra2-jsateam\progra2-jsateam\debug\progra2-jsateam.tlog\link.command.1.tlog
c:\users\steven\desktop\tec\semestres\semestre 7\electiva graficos\proyectos\progra2-jsa\ii-progra-graficos\progra2-jsateam\progra2-jsateam\debug\progra2-jsateam.tlog\link.read.1.tlog
c:\users\steven\desktop\tec\semestres\semestre 7\electiva graficos\proyectos\progra2-jsa\ii-progra-graficos\progra2-jsateam\progra2-jsateam\debug\progra2-jsateam.tlog\link.write.1.tlog
